2025-02-28 21:14:37,947 INFO o.a.j.u.JMeterUtils: Setting Locale to en_EN
2025-02-28 21:14:37,962 INFO o.a.j.JMeter: Loading user properties from: /opt/homebrew/Cellar/jmeter/5.6.3/libexec/bin/user.properties
2025-02-28 21:14:37,963 INFO o.a.j.JMeter: Loading system properties from: /opt/homebrew/Cellar/jmeter/5.6.3/libexec/bin/system.properties
2025-02-28 21:14:37,967 INFO o.a.j.JMeter: Copyright (c) 1998-2024 The Apache Software Foundation
2025-02-28 21:14:37,967 INFO o.a.j.JMeter: Version 5.6.3
2025-02-28 21:14:37,967 INFO o.a.j.JMeter: java.version=21.0.6
2025-02-28 21:14:37,967 INFO o.a.j.JMeter: java.vm.name=OpenJDK 64-Bit Server VM
2025-02-28 21:14:37,968 INFO o.a.j.JMeter: os.name=Mac OS X
2025-02-28 21:14:37,968 INFO o.a.j.JMeter: os.arch=aarch64
2025-02-28 21:14:37,968 INFO o.a.j.JMeter: os.version=14.6.1
2025-02-28 21:14:37,968 INFO o.a.j.JMeter: file.encoding=UTF-8
2025-02-28 21:14:37,968 INFO o.a.j.JMeter: java.awt.headless=null
2025-02-28 21:14:37,968 INFO o.a.j.JMeter: Max memory     =1073741824
2025-02-28 21:14:37,968 INFO o.a.j.JMeter: Available Processors =10
2025-02-28 21:14:37,978 INFO o.a.j.JMeter: Default Locale=English (EN)
2025-02-28 21:14:37,978 INFO o.a.j.JMeter: JMeter  Locale=English (EN)
2025-02-28 21:14:37,978 INFO o.a.j.JMeter: JMeterHome=/opt/homebrew/Cellar/jmeter/5.6.3/libexec
2025-02-28 21:14:37,978 INFO o.a.j.JMeter: user.dir  =/Users/chakrapanipriyadarshi/Desktop/Jmeter-Perf-Testing
2025-02-28 21:14:37,979 INFO o.a.j.JMeter: PWD       =/Users/chakrapanipriyadarshi/Desktop/Jmeter-Perf-Testing
2025-02-28 21:14:37,981 INFO o.a.j.JMeter: IP: 127.0.0.1 Name: Administrators-MacBook-Pro.local FullName: localhost
2025-02-28 21:14:37,992 INFO o.a.j.JMeter: Loaded icon properties from org/apache/jmeter/images/icon.properties
2025-02-28 21:14:38,358 INFO o.a.j.JMeterGuiLauncher: Setting LAF to: com.github.weisj.darklaf.DarkLaf:com.github.weisj.darklaf.theme.DarculaTheme
2025-02-28 21:14:39,663 INFO o.a.j.r.ClassFinder: Will scan jar /opt/homebrew/Cellar/jmeter/5.6.3/libexec/lib/ext/jmeter-plugins-manager-1.9.jar with filter ExtendsClassFilter [parents=[interface org.apache.jmeter.gui.action.Command], inner=false, contains=null, notContains=null]. Consider exposing JMeter plugins via META-INF/services, and add JMeter-Skip-Class-Scanning=true manifest attribute so JMeter can skip classfile scanning
2025-02-28 21:14:39,763 INFO o.a.j.r.ClassFinder: Will scan jar /opt/homebrew/Cellar/jmeter/5.6.3/libexec/lib/ext/jmeter-plugins-manager-1.9.jar with filter ExtendsClassFilter [parents=[interface org.apache.jmeter.gui.plugin.MenuCreator], inner=false, contains=null, notContains=null]. Consider exposing JMeter plugins via META-INF/services, and add JMeter-Skip-Class-Scanning=true manifest attribute so JMeter can skip classfile scanning
2025-02-28 21:14:39,862 INFO o.j.r.JARSourceHTTP: Found cached repo
2025-02-28 21:14:39,971 INFO o.j.r.PluginManager: Plugins Status: [jpgc-plugins-manager=1.9, jmeter-core=5.6.3, jmeter-ftp=5.6.3, jmeter-http=5.6.3, jmeter-jdbc=5.6.3, jmeter-jms=5.6.3, jmeter-junit=5.6.3, jmeter-java=5.6.3, jmeter-ldap=5.6.3, jmeter-mail=5.6.3, jmeter-mongodb=5.6.3, jmeter-native=5.6.3, jmeter-tcp=5.6.3, jmeter-components=5.6.3]
2025-02-28 21:14:39,971 INFO o.j.r.PluginManagerMenuItem: Plugins Manager has upgrades: [jpgc-plugins-manager]
2025-02-28 21:14:46,178 WARN o.j.r.h.StatsReporter: Failed to send repo stats
java.net.SocketTimeoutException: Read timed out
	at java.base/sun.nio.ch.NioSocketImpl.timedRead(NioSocketImpl.java:278) ~[?:?]
	at java.base/sun.nio.ch.NioSocketImpl.implRead(NioSocketImpl.java:304) ~[?:?]
	at java.base/sun.nio.ch.NioSocketImpl.read(NioSocketImpl.java:346) ~[?:?]
	at java.base/sun.nio.ch.NioSocketImpl$1.read(NioSocketImpl.java:796) ~[?:?]
	at java.base/java.net.Socket$SocketInputStream.read(Socket.java:1099) ~[?:?]
	at java.base/sun.security.ssl.SSLSocketInputRecord.read(SSLSocketInputRecord.java:489) ~[?:?]
	at java.base/sun.security.ssl.SSLSocketInputRecord.readHeader(SSLSocketInputRecord.java:483) ~[?:?]
	at java.base/sun.security.ssl.SSLSocketInputRecord.decode(SSLSocketInputRecord.java:160) ~[?:?]
	at java.base/sun.security.ssl.SSLTransport.decode(SSLTransport.java:111) ~[?:?]
	at java.base/sun.security.ssl.SSLSocketImpl.decode(SSLSocketImpl.java:1506) ~[?:?]
	at java.base/sun.security.ssl.SSLSocketImpl.readHandshakeRecord(SSLSocketImpl.java:1421) ~[?:?]
	at java.base/sun.security.ssl.SSLSocketImpl.startHandshake(SSLSocketImpl.java:455) ~[?:?]
	at java.base/sun.security.ssl.SSLSocketImpl.startHandshake(SSLSocketImpl.java:426) ~[?:?]
	at org.apache.http.conn.ssl.SSLSocketFactory.createLayeredSocket(SSLSocketFactory.java:570) ~[httpclient-4.5.14.jar:4.5.14]
	at org.apache.http.conn.ssl.SSLSocketFactory.connectSocket(SSLSocketFactory.java:554) ~[httpclient-4.5.14.jar:4.5.14]
	at org.apache.http.conn.ssl.SSLSocketFactory.connectSocket(SSLSocketFactory.java:415) ~[httpclient-4.5.14.jar:4.5.14]
	at org.apache.http.impl.conn.DefaultClientConnectionOperator.openConnection(DefaultClientConnectionOperator.java:180) ~[httpclient-4.5.14.jar:4.5.14]
	at org.apache.http.impl.conn.ManagedClientConnectionImpl.open(ManagedClientConnectionImpl.java:326) ~[httpclient-4.5.14.jar:4.5.14]
	at org.apache.http.impl.client.DefaultRequestDirector.tryConnect(DefaultRequestDirector.java:605) ~[httpclient-4.5.14.jar:4.5.14]
	at org.apache.http.impl.client.DefaultRequestDirector.execute(DefaultRequestDirector.java:440) ~[httpclient-4.5.14.jar:4.5.14]
	at org.apache.http.impl.client.AbstractHttpClient.doExecute(AbstractHttpClient.java:835) ~[httpclient-4.5.14.jar:4.5.14]
	at org.apache.http.impl.client.CloseableHttpClient.execute(CloseableHttpClient.java:83) ~[httpclient-4.5.14.jar:4.5.14]
	at org.apache.http.impl.client.CloseableHttpClient.execute(CloseableHttpClient.java:56) ~[httpclient-4.5.14.jar:4.5.14]
	at org.jmeterplugins.repository.JARSourceHTTP.execute(JARSourceHTTP.java:499) ~[jmeter-plugins-manager-1.9.jar:?]
	at org.jmeterplugins.repository.JARSourceHTTP.execute(JARSourceHTTP.java:494) ~[jmeter-plugins-manager-1.9.jar:?]
	at org.jmeterplugins.repository.JARSourceHTTP.reportStats(JARSourceHTTP.java:451) ~[jmeter-plugins-manager-1.9.jar:?]
	at org.jmeterplugins.repository.http.StatsReporter.run(StatsReporter.java:24) [jmeter-plugins-manager-1.9.jar:?]
2025-02-28 21:15:17,720 INFO o.a.j.s.FileServer: Default base='/Users/chakrapanipriyadarshi/Desktop/Jmeter-Perf-Testing'
2025-02-28 21:15:17,723 INFO o.a.j.s.FileServer: Set new base='/Users/chakrapanipriyadarshi/Desktop/Jmeter-Perf-Testing'
2025-02-28 21:15:17,898 INFO o.a.j.s.SaveService: Testplan (JMX) version: 2.2. Testlog (JTL) version: 2.2
2025-02-28 21:15:17,903 INFO o.a.j.s.SaveService: Using SaveService properties version 5.0
2025-02-28 21:15:17,904 INFO o.a.j.s.SaveService: Using SaveService properties file encoding UTF-8
2025-02-28 21:15:23,741 INFO o.a.j.p.h.s.HTTPSamplerBase: Parser for text/html is org.apache.jmeter.protocol.http.parser.LagartoBasedHtmlParser
2025-02-28 21:15:23,742 INFO o.a.j.p.h.s.HTTPSamplerBase: Parser for application/xhtml+xml is org.apache.jmeter.protocol.http.parser.LagartoBasedHtmlParser
2025-02-28 21:15:23,742 INFO o.a.j.p.h.s.HTTPSamplerBase: Parser for application/xml is org.apache.jmeter.protocol.http.parser.LagartoBasedHtmlParser
2025-02-28 21:15:23,742 INFO o.a.j.p.h.s.HTTPSamplerBase: Parser for text/xml is org.apache.jmeter.protocol.http.parser.LagartoBasedHtmlParser
2025-02-28 21:15:23,742 INFO o.a.j.p.h.s.HTTPSamplerBase: Parser for text/vnd.wap.wml is org.apache.jmeter.protocol.http.parser.RegexpHTMLParser
2025-02-28 21:15:23,742 INFO o.a.j.p.h.s.HTTPSamplerBase: Parser for text/css is org.apache.jmeter.protocol.http.parser.CssParser
2025-02-28 21:17:33,419 INFO o.a.j.s.SampleResult: Note: Sample TimeStamps are START times
2025-02-28 21:17:33,420 INFO o.a.j.s.SampleResult: sampleresult.default.encoding is set to UTF-8
2025-02-28 21:17:33,420 INFO o.a.j.s.SampleResult: sampleresult.useNanoTime=true
2025-02-28 21:17:33,420 INFO o.a.j.s.SampleResult: sampleresult.nanoThreadSleep=5000
2025-02-28 21:17:33,512 INFO o.a.j.r.ClassFinder: Will scan jar /opt/homebrew/Cellar/jmeter/5.6.3/libexec/lib/ext/jmeter-plugins-manager-1.9.jar with filter ExtendsClassFilter [parents=[interface org.apache.jmeter.visualizers.ResultRenderer], inner=false, contains=null, notContains=null]. Consider exposing JMeter plugins via META-INF/services, and add JMeter-Skip-Class-Scanning=true manifest attribute so JMeter can skip classfile scanning
2025-02-28 21:17:33,532 INFO o.a.j.r.ClassFinder: Will scan jar /opt/homebrew/Cellar/jmeter/5.6.3/libexec/lib/ext/jmeter-plugins-manager-1.9.jar with filter ExtendsClassFilter [parents=[interface org.apache.jmeter.visualizers.RequestView], inner=false, contains=null, notContains=null]. Consider exposing JMeter plugins via META-INF/services, and add JMeter-Skip-Class-Scanning=true manifest attribute so JMeter can skip classfile scanning
2025-02-28 21:17:57,445 INFO o.a.j.e.StandardJMeterEngine: Running the test!
2025-02-28 21:17:57,446 INFO o.a.j.s.SampleEvent: List of sample_variables: []
2025-02-28 21:17:57,446 INFO o.a.j.s.SampleEvent: List of sample_variables: []
2025-02-28 21:17:57,447 INFO o.a.j.e.u.CompoundVariable: Note: Function class names must contain the string: '.functions.'
2025-02-28 21:17:57,447 INFO o.a.j.e.u.CompoundVariable: Note: Function class names must not contain the string: '.gui.'
2025-02-28 21:17:57,482 INFO o.a.j.r.ClassFinder: Will scan jar /opt/homebrew/Cellar/jmeter/5.6.3/libexec/lib/ext/jmeter-plugins-manager-1.9.jar with filter ExtendsClassFilter [parents=[interface org.apache.jmeter.functions.Function], inner=false, contains=null, notContains=null]. Consider exposing JMeter plugins via META-INF/services, and add JMeter-Skip-Class-Scanning=true manifest attribute so JMeter can skip classfile scanning
2025-02-28 21:17:57,486 INFO o.a.j.g.u.JMeterMenuBar: setRunning(true, *local*)
2025-02-28 21:17:57,532 INFO o.a.j.e.StandardJMeterEngine: Starting ThreadGroup: 1 : Thread Group
2025-02-28 21:17:57,532 INFO o.a.j.e.StandardJMeterEngine: Starting 1 threads for group Thread Group.
2025-02-28 21:17:57,532 INFO o.a.j.e.StandardJMeterEngine: Thread will continue on error
2025-02-28 21:17:57,532 INFO o.a.j.t.ThreadGroup: Starting thread group... number=1 threads=1 ramp-up=1 delayedStart=false
2025-02-28 21:17:57,534 INFO o.a.j.t.ThreadGroup: Started thread group number 1
2025-02-28 21:17:57,534 INFO o.a.j.e.StandardJMeterEngine: All thread groups have been started
2025-02-28 21:17:57,534 INFO o.a.j.t.JMeterThread: Thread started: Thread Group 1-1
2025-02-28 21:17:57,537 INFO o.a.j.t.JMeterThread: Thread is done: Thread Group 1-1
2025-02-28 21:17:57,537 INFO o.a.j.t.JMeterThread: Thread finished: Thread Group 1-1
2025-02-28 21:17:57,538 INFO o.a.j.e.StandardJMeterEngine: Notifying test listeners of end of test
2025-02-28 21:17:57,538 INFO o.a.j.g.u.JMeterMenuBar: setRunning(false, *local*)
2025-02-28 21:19:33,749 INFO o.a.j.e.StandardJMeterEngine: Running the test!
2025-02-28 21:19:33,750 INFO o.a.j.s.SampleEvent: List of sample_variables: []
2025-02-28 21:19:33,750 INFO o.a.j.g.u.JMeterMenuBar: setRunning(true, *local*)
2025-02-28 21:19:33,806 INFO o.a.j.e.StandardJMeterEngine: Starting ThreadGroup: 1 : Thread Group
2025-02-28 21:19:33,806 INFO o.a.j.e.StandardJMeterEngine: Starting 1 threads for group Thread Group.
2025-02-28 21:19:33,806 INFO o.a.j.e.StandardJMeterEngine: Thread will continue on error
2025-02-28 21:19:33,806 INFO o.a.j.t.ThreadGroup: Starting thread group... number=1 threads=1 ramp-up=1 delayedStart=false
2025-02-28 21:19:33,807 INFO o.a.j.t.ThreadGroup: Started thread group number 1
2025-02-28 21:19:33,807 INFO o.a.j.e.StandardJMeterEngine: All thread groups have been started
2025-02-28 21:19:33,808 INFO o.a.j.t.JMeterThread: Thread started: Thread Group 1-1
2025-02-28 21:19:33,811 INFO o.a.j.t.JMeterThread: Thread is done: Thread Group 1-1
2025-02-28 21:19:33,811 INFO o.a.j.t.JMeterThread: Thread finished: Thread Group 1-1
2025-02-28 21:19:33,811 INFO o.a.j.e.StandardJMeterEngine: Notifying test listeners of end of test
2025-02-28 21:19:33,811 INFO o.a.j.g.u.JMeterMenuBar: setRunning(false, *local*)
2025-02-28 21:21:02,316 INFO o.a.j.e.StandardJMeterEngine: Running the test!
2025-02-28 21:21:02,318 INFO o.a.j.s.SampleEvent: List of sample_variables: []
2025-02-28 21:21:02,319 INFO o.a.j.g.u.JMeterMenuBar: setRunning(true, *local*)
2025-02-28 21:21:02,376 INFO o.a.j.e.StandardJMeterEngine: Starting ThreadGroup: 1 : Thread Group
2025-02-28 21:21:02,377 INFO o.a.j.e.StandardJMeterEngine: Starting 1 threads for group Thread Group.
2025-02-28 21:21:02,377 INFO o.a.j.e.StandardJMeterEngine: Thread will continue on error
2025-02-28 21:21:02,377 INFO o.a.j.t.ThreadGroup: Starting thread group... number=1 threads=1 ramp-up=1 delayedStart=false
2025-02-28 21:21:02,377 INFO o.a.j.t.ThreadGroup: Started thread group number 1
2025-02-28 21:21:02,377 INFO o.a.j.e.StandardJMeterEngine: All thread groups have been started
2025-02-28 21:21:02,377 INFO o.a.j.t.JMeterThread: Thread started: Thread Group 1-1
2025-02-28 21:21:02,384 INFO o.a.j.p.h.s.HTTPHCAbstractImpl: Local host = Administrators-MacBook-Pro.local
2025-02-28 21:21:02,390 INFO o.a.j.p.h.s.HTTPHC4Impl: HTTP request retry count = 0
2025-02-28 21:21:02,535 INFO o.a.j.p.h.s.h.LazyLayeredConnectionSocketFactory: Setting up HTTPS TrustAll Socket Factory
2025-02-28 21:21:02,537 INFO o.a.j.u.JsseSSLManager: Using default SSL protocol: TLS
2025-02-28 21:21:02,537 INFO o.a.j.u.JsseSSLManager: SSL session context: per-thread
2025-02-28 21:21:04,621 INFO o.a.j.u.SSLManager: JmeterKeyStore Location:  type JKS
2025-02-28 21:21:04,622 INFO o.a.j.u.SSLManager: KeyStore created OK
2025-02-28 21:21:04,622 WARN o.a.j.u.SSLManager: Keystore file not found, loading empty keystore
2025-02-28 21:21:05,088 INFO o.a.j.t.JMeterThread: Thread is done: Thread Group 1-1
2025-02-28 21:21:05,089 INFO o.a.j.t.JMeterThread: Thread finished: Thread Group 1-1
2025-02-28 21:21:05,091 INFO o.a.j.e.StandardJMeterEngine: Notifying test listeners of end of test
2025-02-28 21:21:05,091 INFO o.a.j.g.u.JMeterMenuBar: setRunning(false, *local*)
2025-02-28 21:23:45,754 INFO o.a.j.r.ClassFinder: Will scan jar /opt/homebrew/Cellar/jmeter/5.6.3/libexec/lib/ext/jmeter-plugins-manager-1.9.jar with filter ExtendsClassFilter [parents=[interface org.apache.jmeter.visualizers.ResultRenderer], inner=false, contains=null, notContains=null]. Consider exposing JMeter plugins via META-INF/services, and add JMeter-Skip-Class-Scanning=true manifest attribute so JMeter can skip classfile scanning
2025-02-28 21:23:45,773 INFO o.a.j.r.ClassFinder: Will scan jar /opt/homebrew/Cellar/jmeter/5.6.3/libexec/lib/ext/jmeter-plugins-manager-1.9.jar with filter ExtendsClassFilter [parents=[interface org.apache.jmeter.visualizers.RequestView], inner=false, contains=null, notContains=null]. Consider exposing JMeter plugins via META-INF/services, and add JMeter-Skip-Class-Scanning=true manifest attribute so JMeter can skip classfile scanning
2025-02-28 21:24:01,055 INFO o.a.j.e.StandardJMeterEngine: Running the test!
2025-02-28 21:24:01,057 INFO o.a.j.s.SampleEvent: List of sample_variables: []
2025-02-28 21:24:01,058 INFO o.a.j.g.u.JMeterMenuBar: setRunning(true, *local*)
2025-02-28 21:24:01,114 INFO o.a.j.e.StandardJMeterEngine: Starting ThreadGroup: 1 : Thread Group
2025-02-28 21:24:01,114 INFO o.a.j.e.StandardJMeterEngine: Starting 1 threads for group Thread Group.
2025-02-28 21:24:01,114 INFO o.a.j.e.StandardJMeterEngine: Thread will continue on error
2025-02-28 21:24:01,114 INFO o.a.j.t.ThreadGroup: Starting thread group... number=1 threads=1 ramp-up=1 delayedStart=false
2025-02-28 21:24:01,115 INFO o.a.j.t.ThreadGroup: Started thread group number 1
2025-02-28 21:24:01,115 INFO o.a.j.e.StandardJMeterEngine: All thread groups have been started
2025-02-28 21:24:01,115 INFO o.a.j.t.JMeterThread: Thread started: Thread Group 1-1
2025-02-28 21:24:03,351 INFO o.a.j.t.JMeterThread: Thread is done: Thread Group 1-1
2025-02-28 21:24:03,352 INFO o.a.j.t.JMeterThread: Thread finished: Thread Group 1-1
2025-02-28 21:24:03,352 INFO o.a.j.e.StandardJMeterEngine: Notifying test listeners of end of test
2025-02-28 21:24:03,353 INFO o.a.j.g.u.JMeterMenuBar: setRunning(false, *local*)
2025-02-28 21:25:39,560 INFO o.a.j.e.StandardJMeterEngine: Running the test!
2025-02-28 21:25:39,562 INFO o.a.j.s.SampleEvent: List of sample_variables: []
2025-02-28 21:25:39,563 INFO o.a.j.g.u.JMeterMenuBar: setRunning(true, *local*)
2025-02-28 21:25:39,602 INFO o.a.j.e.StandardJMeterEngine: Starting ThreadGroup: 1 : Thread Group
2025-02-28 21:25:39,602 INFO o.a.j.e.StandardJMeterEngine: Starting 1 threads for group Thread Group.
2025-02-28 21:25:39,603 INFO o.a.j.e.StandardJMeterEngine: Thread will continue on error
2025-02-28 21:25:39,603 INFO o.a.j.t.ThreadGroup: Starting thread group... number=1 threads=1 ramp-up=1 delayedStart=false
2025-02-28 21:25:39,603 INFO o.a.j.t.ThreadGroup: Started thread group number 1
2025-02-28 21:25:39,603 INFO o.a.j.e.StandardJMeterEngine: All thread groups have been started
2025-02-28 21:25:39,603 INFO o.a.j.t.JMeterThread: Thread started: Thread Group 1-1
2025-02-28 21:25:40,712 INFO o.a.j.t.JMeterThread: Thread is done: Thread Group 1-1
2025-02-28 21:25:40,712 INFO o.a.j.t.JMeterThread: Thread finished: Thread Group 1-1
2025-02-28 21:25:40,714 INFO o.a.j.e.StandardJMeterEngine: Notifying test listeners of end of test
2025-02-28 21:25:40,714 INFO o.a.j.g.u.JMeterMenuBar: setRunning(false, *local*)
2025-02-28 21:29:26,265 INFO o.a.j.e.StandardJMeterEngine: Running the test!
2025-02-28 21:29:26,268 INFO o.a.j.s.SampleEvent: List of sample_variables: []
2025-02-28 21:29:26,269 INFO o.a.j.g.u.JMeterMenuBar: setRunning(true, *local*)
2025-02-28 21:29:26,312 INFO o.a.j.e.StandardJMeterEngine: Starting ThreadGroup: 1 : Thread Group
2025-02-28 21:29:26,312 INFO o.a.j.e.StandardJMeterEngine: Starting 1 threads for group Thread Group.
2025-02-28 21:29:26,312 INFO o.a.j.e.StandardJMeterEngine: Thread will continue on error
2025-02-28 21:29:26,312 INFO o.a.j.t.ThreadGroup: Starting thread group... number=1 threads=1 ramp-up=1 delayedStart=false
2025-02-28 21:29:26,313 INFO o.a.j.t.ThreadGroup: Started thread group number 1
2025-02-28 21:29:26,313 INFO o.a.j.e.StandardJMeterEngine: All thread groups have been started
2025-02-28 21:29:26,313 INFO o.a.j.t.JMeterThread: Thread started: Thread Group 1-1
2025-02-28 21:29:27,585 INFO o.a.j.t.JMeterThread: Thread is done: Thread Group 1-1
2025-02-28 21:29:27,585 INFO o.a.j.t.JMeterThread: Thread finished: Thread Group 1-1
2025-02-28 21:29:27,586 INFO o.a.j.e.StandardJMeterEngine: Notifying test listeners of end of test
2025-02-28 21:29:27,586 INFO o.a.j.g.u.JMeterMenuBar: setRunning(false, *local*)
2025-02-28 21:30:08,623 INFO o.a.j.e.StandardJMeterEngine: Running the test!
2025-02-28 21:30:08,624 INFO o.a.j.s.SampleEvent: List of sample_variables: []
2025-02-28 21:30:08,625 INFO o.a.j.g.u.JMeterMenuBar: setRunning(true, *local*)
2025-02-28 21:30:08,661 INFO o.a.j.e.StandardJMeterEngine: Starting ThreadGroup: 1 : Thread Group
2025-02-28 21:30:08,661 INFO o.a.j.e.StandardJMeterEngine: Starting 1 threads for group Thread Group.
2025-02-28 21:30:08,661 INFO o.a.j.e.StandardJMeterEngine: Thread will continue on error
2025-02-28 21:30:08,661 INFO o.a.j.t.ThreadGroup: Starting thread group... number=1 threads=1 ramp-up=1 delayedStart=false
2025-02-28 21:30:08,662 INFO o.a.j.t.ThreadGroup: Started thread group number 1
2025-02-28 21:30:08,662 INFO o.a.j.e.StandardJMeterEngine: All thread groups have been started
2025-02-28 21:30:08,662 INFO o.a.j.t.JMeterThread: Thread started: Thread Group 1-1
2025-02-28 21:30:09,516 INFO o.a.j.t.JMeterThread: Thread is done: Thread Group 1-1
2025-02-28 21:30:09,516 INFO o.a.j.t.JMeterThread: Thread finished: Thread Group 1-1
2025-02-28 21:30:09,517 INFO o.a.j.e.StandardJMeterEngine: Notifying test listeners of end of test
2025-02-28 21:30:09,517 INFO o.a.j.g.u.JMeterMenuBar: setRunning(false, *local*)
2025-02-28 21:31:01,492 INFO o.a.j.e.StandardJMeterEngine: Running the test!
2025-02-28 21:31:01,493 INFO o.a.j.s.SampleEvent: List of sample_variables: []
2025-02-28 21:31:01,494 INFO o.a.j.g.u.JMeterMenuBar: setRunning(true, *local*)
2025-02-28 21:31:01,549 INFO o.a.j.e.StandardJMeterEngine: Starting ThreadGroup: 1 : Thread Group
2025-02-28 21:31:01,550 INFO o.a.j.e.StandardJMeterEngine: Starting 1 threads for group Thread Group.
2025-02-28 21:31:01,550 INFO o.a.j.e.StandardJMeterEngine: Thread will continue on error
2025-02-28 21:31:01,550 INFO o.a.j.t.ThreadGroup: Starting thread group... number=1 threads=1 ramp-up=1 delayedStart=false
2025-02-28 21:31:01,550 INFO o.a.j.t.ThreadGroup: Started thread group number 1
2025-02-28 21:31:01,550 INFO o.a.j.e.StandardJMeterEngine: All thread groups have been started
2025-02-28 21:31:01,550 INFO o.a.j.t.JMeterThread: Thread started: Thread Group 1-1
2025-02-28 21:31:02,596 INFO o.a.j.t.JMeterThread: Thread is done: Thread Group 1-1
2025-02-28 21:31:02,596 INFO o.a.j.t.JMeterThread: Thread finished: Thread Group 1-1
2025-02-28 21:31:02,597 INFO o.a.j.e.StandardJMeterEngine: Notifying test listeners of end of test
2025-02-28 21:31:02,597 INFO o.a.j.g.u.JMeterMenuBar: setRunning(false, *local*)
2025-02-28 21:31:26,918 INFO o.a.j.e.StandardJMeterEngine: Running the test!
2025-02-28 21:31:26,919 INFO o.a.j.s.SampleEvent: List of sample_variables: []
2025-02-28 21:31:26,920 INFO o.a.j.g.u.JMeterMenuBar: setRunning(true, *local*)
2025-02-28 21:31:26,968 INFO o.a.j.e.StandardJMeterEngine: Starting ThreadGroup: 1 : Thread Group
2025-02-28 21:31:26,968 INFO o.a.j.e.StandardJMeterEngine: Starting 10 threads for group Thread Group.
2025-02-28 21:31:26,968 INFO o.a.j.e.StandardJMeterEngine: Thread will continue on error
2025-02-28 21:31:26,968 INFO o.a.j.t.ThreadGroup: Starting thread group... number=1 threads=10 ramp-up=1 delayedStart=false
2025-02-28 21:31:26,969 INFO o.a.j.t.JMeterThread: Thread started: Thread Group 1-1
2025-02-28 21:31:26,971 INFO o.a.j.t.ThreadGroup: Started thread group number 1
2025-02-28 21:31:26,971 INFO o.a.j.e.StandardJMeterEngine: All thread groups have been started
2025-02-28 21:31:27,074 INFO o.a.j.t.JMeterThread: Thread started: Thread Group 1-2
2025-02-28 21:31:27,169 INFO o.a.j.t.JMeterThread: Thread started: Thread Group 1-3
2025-02-28 21:31:27,274 INFO o.a.j.t.JMeterThread: Thread started: Thread Group 1-4
2025-02-28 21:31:27,374 INFO o.a.j.t.JMeterThread: Thread started: Thread Group 1-5
2025-02-28 21:31:27,474 INFO o.a.j.t.JMeterThread: Thread started: Thread Group 1-6
2025-02-28 21:31:27,573 INFO o.a.j.t.JMeterThread: Thread started: Thread Group 1-7
2025-02-28 21:31:27,670 INFO o.a.j.t.JMeterThread: Thread started: Thread Group 1-8
2025-02-28 21:31:27,770 INFO o.a.j.t.JMeterThread: Thread started: Thread Group 1-9
2025-02-28 21:31:27,871 INFO o.a.j.t.JMeterThread: Thread started: Thread Group 1-10
2025-02-28 21:31:28,564 INFO o.a.j.t.JMeterThread: Thread is done: Thread Group 1-1
2025-02-28 21:31:28,564 INFO o.a.j.t.JMeterThread: Thread finished: Thread Group 1-1
2025-02-28 21:31:28,714 INFO o.a.j.t.JMeterThread: Thread is done: Thread Group 1-2
2025-02-28 21:31:28,714 INFO o.a.j.t.JMeterThread: Thread finished: Thread Group 1-2
2025-02-28 21:31:28,736 INFO o.a.j.t.JMeterThread: Thread is done: Thread Group 1-3
2025-02-28 21:31:28,736 INFO o.a.j.t.JMeterThread: Thread finished: Thread Group 1-3
2025-02-28 21:31:28,838 INFO o.a.j.t.JMeterThread: Thread is done: Thread Group 1-4
2025-02-28 21:31:28,838 INFO o.a.j.t.JMeterThread: Thread finished: Thread Group 1-4
2025-02-28 21:31:28,939 INFO o.a.j.t.JMeterThread: Thread is done: Thread Group 1-5
2025-02-28 21:31:28,939 INFO o.a.j.t.JMeterThread: Thread finished: Thread Group 1-5
2025-02-28 21:31:29,036 INFO o.a.j.t.JMeterThread: Thread is done: Thread Group 1-6
2025-02-28 21:31:29,036 INFO o.a.j.t.JMeterThread: Thread finished: Thread Group 1-6
2025-02-28 21:31:29,158 INFO o.a.j.t.JMeterThread: Thread is done: Thread Group 1-7
2025-02-28 21:31:29,158 INFO o.a.j.t.JMeterThread: Thread finished: Thread Group 1-7
2025-02-28 21:31:29,191 INFO o.a.j.t.JMeterThread: Thread is done: Thread Group 1-8
2025-02-28 21:31:29,191 INFO o.a.j.t.JMeterThread: Thread finished: Thread Group 1-8
2025-02-28 21:31:29,215 INFO o.a.j.t.JMeterThread: Thread is done: Thread Group 1-9
2025-02-28 21:31:29,215 INFO o.a.j.t.JMeterThread: Thread finished: Thread Group 1-9
2025-02-28 21:31:30,045 INFO o.a.j.t.JMeterThread: Thread is done: Thread Group 1-10
2025-02-28 21:31:30,047 INFO o.a.j.t.JMeterThread: Thread finished: Thread Group 1-10
2025-02-28 21:31:30,050 INFO o.a.j.e.StandardJMeterEngine: Notifying test listeners of end of test
2025-02-28 21:31:30,050 INFO o.a.j.g.u.JMeterMenuBar: setRunning(false, *local*)
2025-02-28 23:12:49,434 INFO o.a.j.e.StandardJMeterEngine: Running the test!
2025-02-28 23:12:49,449 INFO o.a.j.s.SampleEvent: List of sample_variables: []
2025-02-28 23:12:49,455 INFO o.a.j.g.u.JMeterMenuBar: setRunning(true, *local*)
2025-02-28 23:12:49,613 INFO o.a.j.e.StandardJMeterEngine: Starting ThreadGroup: 1 : Thread Group
2025-02-28 23:12:49,613 INFO o.a.j.e.StandardJMeterEngine: Starting 10 threads for group Thread Group.
2025-02-28 23:12:49,613 INFO o.a.j.e.StandardJMeterEngine: Thread will continue on error
2025-02-28 23:12:49,613 INFO o.a.j.t.ThreadGroup: Starting thread group... number=1 threads=10 ramp-up=1 delayedStart=false
2025-02-28 23:12:49,614 INFO o.a.j.t.JMeterThread: Thread started: Thread Group 1-1
2025-02-28 23:12:49,620 INFO o.a.j.t.ThreadGroup: Started thread group number 1
2025-02-28 23:12:49,620 INFO o.a.j.e.StandardJMeterEngine: All thread groups have been started
2025-02-28 23:12:49,719 INFO o.a.j.t.JMeterThread: Thread started: Thread Group 1-2
2025-02-28 23:12:49,818 INFO o.a.j.t.JMeterThread: Thread started: Thread Group 1-3
2025-02-28 23:12:49,914 INFO o.a.j.t.JMeterThread: Thread started: Thread Group 1-4
2025-02-28 23:12:50,019 INFO o.a.j.t.JMeterThread: Thread started: Thread Group 1-5
2025-02-28 23:12:50,120 INFO o.a.j.t.JMeterThread: Thread started: Thread Group 1-6
2025-02-28 23:12:50,216 INFO o.a.j.t.JMeterThread: Thread started: Thread Group 1-7
2025-02-28 23:12:50,315 INFO o.a.j.t.JMeterThread: Thread started: Thread Group 1-8
2025-02-28 23:12:50,419 INFO o.a.j.t.JMeterThread: Thread started: Thread Group 1-9
2025-02-28 23:12:50,506 ERROR o.a.j.e.j.j.JSONPostProcessor: Error processing JSON content in JSON Extractor, message: Illegal character at position 1 expected '.' or '['
2025-02-28 23:12:50,516 INFO o.a.j.t.JMeterThread: Thread started: Thread Group 1-10
2025-02-28 23:12:50,536 ERROR o.a.j.e.j.j.JSONPostProcessor: Error processing JSON content in JSON Extractor, message: Illegal character at position 1 expected '.' or '['
2025-02-28 23:12:50,637 ERROR o.a.j.e.j.j.JSONPostProcessor: Error processing JSON content in JSON Extractor, message: Illegal character at position 1 expected '.' or '['
2025-02-28 23:12:50,687 ERROR o.a.j.e.j.j.JSONPostProcessor: Error processing JSON content in JSON Extractor, message: Illegal character at position 1 expected '.' or '['
2025-02-28 23:12:50,717 ERROR o.a.j.e.j.j.JSONPostProcessor: Error processing JSON content in JSON Extractor, message: Illegal character at position 1 expected '.' or '['
2025-02-28 23:12:50,727 ERROR o.a.j.e.j.j.JSONPostProcessor: Error processing JSON content in JSON Extractor, message: Illegal character at position 1 expected '.' or '['
2025-02-28 23:12:50,797 ERROR o.a.j.e.j.j.JSONPostProcessor: Error processing JSON content in JSON Extractor, message: json can not be null or empty
2025-02-28 23:12:50,827 ERROR o.a.j.e.j.j.JSONPostProcessor: Error processing JSON content in JSON Extractor, message: json can not be null or empty
2025-02-28 23:12:50,918 ERROR o.a.j.e.j.j.JSONPostProcessor: Error processing JSON content in JSON Extractor, message: Illegal character at position 1 expected '.' or '['
2025-02-28 23:12:50,947 ERROR o.a.j.e.j.j.JSONPostProcessor: Error processing JSON content in JSON Extractor, message: json can not be null or empty
2025-02-28 23:12:50,973 ERROR o.a.j.e.j.j.JSONPostProcessor: Error processing JSON content in JSON Extractor, message: json can not be null or empty
2025-02-28 23:12:50,990 ERROR o.a.j.e.j.j.JSONPostProcessor: Error processing JSON content in JSON Extractor, message: json can not be null or empty
2025-02-28 23:12:51,026 ERROR o.a.j.e.j.j.JSONPostProcessor: Error processing JSON content in JSON Extractor, message: json can not be null or empty
2025-02-28 23:12:51,038 ERROR o.a.j.e.j.j.JSONPostProcessor: Error processing JSON content in JSON Extractor, message: Illegal character at position 1 expected '.' or '['
2025-02-28 23:12:51,081 ERROR o.a.j.e.j.j.JSONPostProcessor: Error processing JSON content in JSON Extractor, message: json can not be null or empty
2025-02-28 23:12:51,118 ERROR o.a.j.e.j.j.JSONPostProcessor: Error processing JSON content in JSON Extractor, message: json can not be null or empty
2025-02-28 23:12:51,166 ERROR o.a.j.e.j.j.JSONPostProcessor: Error processing JSON content in JSON Extractor, message: Illegal character at position 1 expected '.' or '['
2025-02-28 23:12:51,180 ERROR o.a.j.e.j.j.JSONPostProcessor: Error processing JSON content in JSON Extractor, message: json can not be null or empty
2025-02-28 23:12:51,235 ERROR o.a.j.e.j.j.JSONPostProcessor: Error processing JSON content in JSON Extractor, message: json can not be null or empty
2025-02-28 23:12:51,271 ERROR o.a.j.e.j.j.JSONPostProcessor: Error processing JSON content in JSON Extractor, message: json can not be null or empty
2025-02-28 23:12:51,277 ERROR o.a.j.e.j.j.JSONPostProcessor: Error processing JSON content in JSON Extractor, message: json can not be null or empty
2025-02-28 23:12:51,301 ERROR o.a.j.e.j.j.JSONPostProcessor: Error processing JSON content in JSON Extractor, message: json can not be null or empty
2025-02-28 23:12:51,326 ERROR o.a.j.e.j.j.JSONPostProcessor: Error processing JSON content in JSON Extractor, message: Illegal character at position 1 expected '.' or '['
2025-02-28 23:12:51,331 ERROR o.a.j.e.j.j.JSONPostProcessor: Error processing JSON content in JSON Extractor, message: json can not be null or empty
2025-02-28 23:12:51,390 ERROR o.a.j.e.j.j.JSONPostProcessor: Error processing JSON content in JSON Extractor, message: json can not be null or empty
2025-02-28 23:12:51,391 INFO o.a.j.t.JMeterThread: Thread is done: Thread Group 1-2
2025-02-28 23:12:51,391 INFO o.a.j.t.JMeterThread: Thread finished: Thread Group 1-2
2025-02-28 23:12:51,401 ERROR o.a.j.e.j.j.JSONPostProcessor: Error processing JSON content in JSON Extractor, message: json can not be null or empty
2025-02-28 23:12:51,402 INFO o.a.j.t.JMeterThread: Thread is done: Thread Group 1-3
2025-02-28 23:12:51,402 INFO o.a.j.t.JMeterThread: Thread finished: Thread Group 1-3
2025-02-28 23:12:51,421 ERROR o.a.j.e.j.j.JSONPostProcessor: Error processing JSON content in JSON Extractor, message: json can not be null or empty
2025-02-28 23:12:51,421 INFO o.a.j.t.JMeterThread: Thread is done: Thread Group 1-6
2025-02-28 23:12:51,421 INFO o.a.j.t.JMeterThread: Thread finished: Thread Group 1-6
2025-02-28 23:12:51,458 ERROR o.a.j.e.j.j.JSONPostProcessor: Error processing JSON content in JSON Extractor, message: json can not be null or empty
2025-02-28 23:12:51,511 ERROR o.a.j.e.j.j.JSONPostProcessor: Error processing JSON content in JSON Extractor, message: json can not be null or empty
2025-02-28 23:12:51,532 ERROR o.a.j.e.j.j.JSONPostProcessor: Error processing JSON content in JSON Extractor, message: json can not be null or empty
2025-02-28 23:12:51,559 ERROR o.a.j.e.j.j.JSONPostProcessor: Error processing JSON content in JSON Extractor, message: json can not be null or empty
2025-02-28 23:12:51,561 INFO o.a.j.t.JMeterThread: Thread is done: Thread Group 1-4
2025-02-28 23:12:51,561 INFO o.a.j.t.JMeterThread: Thread finished: Thread Group 1-4
2025-02-28 23:12:51,630 ERROR o.a.j.e.j.j.JSONPostProcessor: Error processing JSON content in JSON Extractor, message: json can not be null or empty
2025-02-28 23:12:51,640 ERROR o.a.j.e.j.j.JSONPostProcessor: Error processing JSON content in JSON Extractor, message: json can not be null or empty
2025-02-28 23:12:51,640 INFO o.a.j.t.JMeterThread: Thread is done: Thread Group 1-1
2025-02-28 23:12:51,640 INFO o.a.j.t.JMeterThread: Thread finished: Thread Group 1-1
2025-02-28 23:12:51,643 ERROR o.a.j.e.j.j.JSONPostProcessor: Error processing JSON content in JSON Extractor, message: json can not be null or empty
2025-02-28 23:12:51,644 INFO o.a.j.t.JMeterThread: Thread is done: Thread Group 1-5
2025-02-28 23:12:51,644 INFO o.a.j.t.JMeterThread: Thread finished: Thread Group 1-5
2025-02-28 23:12:51,744 ERROR o.a.j.e.j.j.JSONPostProcessor: Error processing JSON content in JSON Extractor, message: json can not be null or empty
2025-02-28 23:12:51,744 INFO o.a.j.t.JMeterThread: Thread is done: Thread Group 1-9
2025-02-28 23:12:51,744 INFO o.a.j.t.JMeterThread: Thread finished: Thread Group 1-9
2025-02-28 23:12:51,759 ERROR o.a.j.e.j.j.JSONPostProcessor: Error processing JSON content in JSON Extractor, message: json can not be null or empty
2025-02-28 23:12:51,851 ERROR o.a.j.e.j.j.JSONPostProcessor: Error processing JSON content in JSON Extractor, message: json can not be null or empty
2025-02-28 23:12:51,851 INFO o.a.j.t.JMeterThread: Thread is done: Thread Group 1-7
2025-02-28 23:12:51,851 INFO o.a.j.t.JMeterThread: Thread finished: Thread Group 1-7
2025-02-28 23:12:51,928 ERROR o.a.j.e.j.j.JSONPostProcessor: Error processing JSON content in JSON Extractor, message: json can not be null or empty
2025-02-28 23:12:52,060 ERROR o.a.j.e.j.j.JSONPostProcessor: Error processing JSON content in JSON Extractor, message: json can not be null or empty
2025-02-28 23:12:52,061 INFO o.a.j.t.JMeterThread: Thread is done: Thread Group 1-8
2025-02-28 23:12:52,061 INFO o.a.j.t.JMeterThread: Thread finished: Thread Group 1-8
2025-02-28 23:12:52,864 ERROR o.a.j.e.j.j.JSONPostProcessor: Error processing JSON content in JSON Extractor, message: json can not be null or empty
2025-02-28 23:12:52,865 INFO o.a.j.t.JMeterThread: Thread is done: Thread Group 1-10
2025-02-28 23:12:52,865 INFO o.a.j.t.JMeterThread: Thread finished: Thread Group 1-10
2025-02-28 23:12:52,867 INFO o.a.j.e.StandardJMeterEngine: Notifying test listeners of end of test
2025-02-28 23:12:52,867 INFO o.a.j.g.u.JMeterMenuBar: setRunning(false, *local*)
2025-02-28 23:13:13,801 INFO o.a.j.e.StandardJMeterEngine: Running the test!
2025-02-28 23:13:13,802 INFO o.a.j.s.SampleEvent: List of sample_variables: []
2025-02-28 23:13:13,803 INFO o.a.j.g.u.JMeterMenuBar: setRunning(true, *local*)
2025-02-28 23:13:13,879 INFO o.a.j.e.StandardJMeterEngine: Starting ThreadGroup: 1 : Thread Group
2025-02-28 23:13:13,879 INFO o.a.j.e.StandardJMeterEngine: Starting 10 threads for group Thread Group.
2025-02-28 23:13:13,879 INFO o.a.j.e.StandardJMeterEngine: Thread will continue on error
2025-02-28 23:13:13,879 INFO o.a.j.t.ThreadGroup: Starting thread group... number=1 threads=10 ramp-up=1 delayedStart=false
2025-02-28 23:13:13,880 INFO o.a.j.t.JMeterThread: Thread started: Thread Group 1-1
2025-02-28 23:13:13,882 INFO o.a.j.t.ThreadGroup: Started thread group number 1
2025-02-28 23:13:13,882 INFO o.a.j.e.StandardJMeterEngine: All thread groups have been started
2025-02-28 23:13:13,984 INFO o.a.j.t.JMeterThread: Thread started: Thread Group 1-2
2025-02-28 23:13:14,084 INFO o.a.j.t.JMeterThread: Thread started: Thread Group 1-3
2025-02-28 23:13:14,185 INFO o.a.j.t.JMeterThread: Thread started: Thread Group 1-4
2025-02-28 23:13:14,285 INFO o.a.j.t.JMeterThread: Thread started: Thread Group 1-5
2025-02-28 23:13:14,385 INFO o.a.j.t.JMeterThread: Thread started: Thread Group 1-6
2025-02-28 23:13:14,483 INFO o.a.j.t.JMeterThread: Thread started: Thread Group 1-7
2025-02-28 23:13:14,585 INFO o.a.j.t.JMeterThread: Thread started: Thread Group 1-8
2025-02-28 23:13:14,685 INFO o.a.j.t.JMeterThread: Thread started: Thread Group 1-9
2025-02-28 23:13:14,784 INFO o.a.j.t.JMeterThread: Thread started: Thread Group 1-10
2025-02-28 23:13:15,393 INFO o.a.j.t.JMeterThread: Thread is done: Thread Group 1-1
2025-02-28 23:13:15,393 INFO o.a.j.t.JMeterThread: Thread finished: Thread Group 1-1
2025-02-28 23:13:15,501 INFO o.a.j.t.JMeterThread: Thread is done: Thread Group 1-3
2025-02-28 23:13:15,501 INFO o.a.j.t.JMeterThread: Thread finished: Thread Group 1-3
2025-02-28 23:13:15,628 INFO o.a.j.t.JMeterThread: Thread is done: Thread Group 1-4
2025-02-28 23:13:15,628 INFO o.a.j.t.JMeterThread: Thread finished: Thread Group 1-4
2025-02-28 23:13:15,811 INFO o.a.j.t.JMeterThread: Thread is done: Thread Group 1-2
2025-02-28 23:13:15,811 INFO o.a.j.t.JMeterThread: Thread finished: Thread Group 1-2
2025-02-28 23:13:16,055 INFO o.a.j.t.JMeterThread: Thread is done: Thread Group 1-10
2025-02-28 23:13:16,055 INFO o.a.j.t.JMeterThread: Thread finished: Thread Group 1-10
2025-02-28 23:13:16,068 INFO o.a.j.t.JMeterThread: Thread is done: Thread Group 1-5
2025-02-28 23:13:16,068 INFO o.a.j.t.JMeterThread: Thread finished: Thread Group 1-5
2025-02-28 23:13:16,161 INFO o.a.j.t.JMeterThread: Thread is done: Thread Group 1-7
2025-02-28 23:13:16,161 INFO o.a.j.t.JMeterThread: Thread finished: Thread Group 1-7
2025-02-28 23:13:16,212 INFO o.a.j.t.JMeterThread: Thread is done: Thread Group 1-6
2025-02-28 23:13:16,212 INFO o.a.j.t.JMeterThread: Thread finished: Thread Group 1-6
2025-02-28 23:13:16,424 INFO o.a.j.t.JMeterThread: Thread is done: Thread Group 1-9
2025-02-28 23:13:16,424 INFO o.a.j.t.JMeterThread: Thread finished: Thread Group 1-9
2025-02-28 23:13:16,455 INFO o.a.j.t.JMeterThread: Thread is done: Thread Group 1-8
2025-02-28 23:13:16,455 INFO o.a.j.t.JMeterThread: Thread finished: Thread Group 1-8
2025-02-28 23:13:16,456 INFO o.a.j.e.StandardJMeterEngine: Notifying test listeners of end of test
2025-02-28 23:13:16,456 INFO o.a.j.g.u.JMeterMenuBar: setRunning(false, *local*)
2025-02-28 23:18:43,304 INFO o.a.j.e.StandardJMeterEngine: Running the test!
2025-02-28 23:18:43,306 INFO o.a.j.s.SampleEvent: List of sample_variables: []
2025-02-28 23:18:43,307 INFO o.a.j.g.u.JMeterMenuBar: setRunning(true, *local*)
2025-02-28 23:18:43,366 INFO o.a.j.e.StandardJMeterEngine: Starting ThreadGroup: 1 : Thread Group
2025-02-28 23:18:43,367 INFO o.a.j.e.StandardJMeterEngine: Starting 10 threads for group Thread Group.
2025-02-28 23:18:43,367 INFO o.a.j.e.StandardJMeterEngine: Thread will continue on error
2025-02-28 23:18:43,367 INFO o.a.j.t.ThreadGroup: Starting thread group... number=1 threads=10 ramp-up=1 delayedStart=false
2025-02-28 23:18:43,369 INFO o.a.j.t.ThreadGroup: Started thread group number 1
2025-02-28 23:18:43,369 INFO o.a.j.e.StandardJMeterEngine: All thread groups have been started
2025-02-28 23:18:43,375 INFO o.a.j.t.JMeterThread: Thread started: Thread Group 1-1
2025-02-28 23:18:43,376 INFO o.a.j.s.FileServer: Stored: /Users/chakrapanipriyadarshi/Desktop/Jmeter-Perf-Testing/perf-testing-test-data - Sheet1.csv
2025-02-28 23:18:43,479 INFO o.a.j.t.JMeterThread: Thread started: Thread Group 1-2
2025-02-28 23:18:43,579 INFO o.a.j.t.JMeterThread: Thread started: Thread Group 1-3
2025-02-28 23:18:43,679 INFO o.a.j.t.JMeterThread: Thread started: Thread Group 1-4
2025-02-28 23:18:43,777 INFO o.a.j.t.JMeterThread: Thread started: Thread Group 1-5
2025-02-28 23:18:43,879 INFO o.a.j.t.JMeterThread: Thread started: Thread Group 1-6
2025-02-28 23:18:43,980 INFO o.a.j.t.JMeterThread: Thread started: Thread Group 1-7
2025-02-28 23:18:44,080 INFO o.a.j.t.JMeterThread: Thread started: Thread Group 1-8
2025-02-28 23:18:44,177 INFO o.a.j.t.JMeterThread: Thread started: Thread Group 1-9
2025-02-28 23:18:44,278 INFO o.a.j.t.JMeterThread: Thread started: Thread Group 1-10
2025-02-28 23:18:44,861 INFO o.a.j.t.JMeterThread: Thread is done: Thread Group 1-2
2025-02-28 23:18:44,861 INFO o.a.j.t.JMeterThread: Thread finished: Thread Group 1-2
2025-02-28 23:18:44,973 INFO o.a.j.t.JMeterThread: Thread is done: Thread Group 1-4
2025-02-28 23:18:44,973 INFO o.a.j.t.JMeterThread: Thread finished: Thread Group 1-4
2025-02-28 23:18:45,260 INFO o.a.j.t.JMeterThread: Thread is done: Thread Group 1-7
2025-02-28 23:18:45,260 INFO o.a.j.t.JMeterThread: Thread finished: Thread Group 1-7
2025-02-28 23:18:45,292 INFO o.a.j.t.JMeterThread: Thread is done: Thread Group 1-6
2025-02-28 23:18:45,298 INFO o.a.j.t.JMeterThread: Thread finished: Thread Group 1-6
2025-02-28 23:18:45,317 INFO o.a.j.t.JMeterThread: Thread is done: Thread Group 1-1
2025-02-28 23:18:45,317 INFO o.a.j.t.JMeterThread: Thread is done: Thread Group 1-3
2025-02-28 23:18:45,317 INFO o.a.j.t.JMeterThread: Thread finished: Thread Group 1-1
2025-02-28 23:18:45,317 INFO o.a.j.t.JMeterThread: Thread finished: Thread Group 1-3
2025-02-28 23:18:45,594 INFO o.a.j.t.JMeterThread: Thread is done: Thread Group 1-5
2025-02-28 23:18:45,598 INFO o.a.j.t.JMeterThread: Thread finished: Thread Group 1-5
2025-02-28 23:18:45,737 INFO o.a.j.t.JMeterThread: Thread is done: Thread Group 1-9
2025-02-28 23:18:45,737 INFO o.a.j.t.JMeterThread: Thread finished: Thread Group 1-9
2025-02-28 23:18:46,025 INFO o.a.j.t.JMeterThread: Thread is done: Thread Group 1-10
2025-02-28 23:18:46,025 INFO o.a.j.t.JMeterThread: Thread finished: Thread Group 1-10
2025-02-28 23:18:46,051 INFO o.a.j.t.JMeterThread: Thread is done: Thread Group 1-8
2025-02-28 23:18:46,052 INFO o.a.j.t.JMeterThread: Thread finished: Thread Group 1-8
2025-02-28 23:18:46,052 INFO o.a.j.e.StandardJMeterEngine: Notifying test listeners of end of test
2025-02-28 23:18:46,053 INFO o.a.j.s.FileServer: Close: /Users/chakrapanipriyadarshi/Desktop/Jmeter-Perf-Testing/perf-testing-test-data - Sheet1.csv
2025-02-28 23:18:46,054 INFO o.a.j.g.u.JMeterMenuBar: setRunning(false, *local*)
2025-02-28 23:21:33,172 INFO o.a.j.e.StandardJMeterEngine: Running the test!
2025-02-28 23:21:33,175 INFO o.a.j.s.SampleEvent: List of sample_variables: []
2025-02-28 23:21:33,176 INFO o.a.j.g.u.JMeterMenuBar: setRunning(true, *local*)
2025-02-28 23:21:33,274 INFO o.a.j.e.StandardJMeterEngine: Starting ThreadGroup: 1 : Thread Group
2025-02-28 23:21:33,274 INFO o.a.j.e.StandardJMeterEngine: Starting 10 threads for group Thread Group.
2025-02-28 23:21:33,275 INFO o.a.j.e.StandardJMeterEngine: Thread will continue on error
2025-02-28 23:21:33,275 INFO o.a.j.t.ThreadGroup: Starting thread group... number=1 threads=10 ramp-up=10 delayedStart=false
2025-02-28 23:21:33,275 INFO o.a.j.t.JMeterThread: Thread started: Thread Group 1-1
2025-02-28 23:21:33,276 INFO o.a.j.s.FileServer: Stored: /Users/chakrapanipriyadarshi/Desktop/Jmeter-Perf-Testing/perf-testing-test-data - Sheet1.csv
2025-02-28 23:21:33,277 INFO o.a.j.t.ThreadGroup: Started thread group number 1
2025-02-28 23:21:33,277 INFO o.a.j.e.StandardJMeterEngine: All thread groups have been started
2025-02-28 23:21:34,281 INFO o.a.j.t.JMeterThread: Thread started: Thread Group 1-2
2025-02-28 23:21:35,281 INFO o.a.j.t.JMeterThread: Thread started: Thread Group 1-3
2025-02-28 23:21:35,915 INFO o.a.j.t.JMeterThread: Thread is done: Thread Group 1-1
2025-02-28 23:21:35,916 INFO o.a.j.t.JMeterThread: Thread finished: Thread Group 1-1
2025-02-28 23:21:36,156 INFO o.a.j.t.JMeterThread: Thread is done: Thread Group 1-2
2025-02-28 23:21:36,157 INFO o.a.j.t.JMeterThread: Thread finished: Thread Group 1-2
2025-02-28 23:21:36,282 INFO o.a.j.t.JMeterThread: Thread started: Thread Group 1-4
2025-02-28 23:21:37,283 INFO o.a.j.t.JMeterThread: Thread started: Thread Group 1-5
2025-02-28 23:21:37,313 INFO o.a.j.t.JMeterThread: Thread is done: Thread Group 1-3
2025-02-28 23:21:37,314 INFO o.a.j.t.JMeterThread: Thread finished: Thread Group 1-3
2025-02-28 23:21:38,260 INFO o.a.j.t.JMeterThread: Thread is done: Thread Group 1-4
2025-02-28 23:21:38,260 INFO o.a.j.t.JMeterThread: Thread finished: Thread Group 1-4
2025-02-28 23:21:38,280 INFO o.a.j.t.JMeterThread: Thread started: Thread Group 1-6
2025-02-28 23:21:39,280 INFO o.a.j.t.JMeterThread: Thread started: Thread Group 1-7
2025-02-28 23:21:40,068 INFO o.a.j.t.JMeterThread: Thread is done: Thread Group 1-5
2025-02-28 23:21:40,068 INFO o.a.j.t.JMeterThread: Thread finished: Thread Group 1-5
2025-02-28 23:21:40,171 INFO o.a.j.t.JMeterThread: Thread is done: Thread Group 1-6
2025-02-28 23:21:40,171 INFO o.a.j.t.JMeterThread: Thread finished: Thread Group 1-6
2025-02-28 23:21:40,280 INFO o.a.j.t.JMeterThread: Thread started: Thread Group 1-8
2025-02-28 23:21:41,209 INFO o.a.j.t.JMeterThread: Thread is done: Thread Group 1-7
2025-02-28 23:21:41,209 INFO o.a.j.t.JMeterThread: Thread finished: Thread Group 1-7
2025-02-28 23:21:41,278 INFO o.a.j.t.JMeterThread: Thread started: Thread Group 1-9
2025-02-28 23:21:42,183 INFO o.a.j.t.JMeterThread: Thread is done: Thread Group 1-8
2025-02-28 23:21:42,184 INFO o.a.j.t.JMeterThread: Thread finished: Thread Group 1-8
2025-02-28 23:21:42,278 INFO o.a.j.t.JMeterThread: Thread started: Thread Group 1-10
2025-02-28 23:21:43,211 INFO o.a.j.t.JMeterThread: Thread is done: Thread Group 1-9
2025-02-28 23:21:43,211 INFO o.a.j.t.JMeterThread: Thread finished: Thread Group 1-9
2025-02-28 23:21:44,170 INFO o.a.j.t.JMeterThread: Thread is done: Thread Group 1-10
2025-02-28 23:21:44,171 INFO o.a.j.t.JMeterThread: Thread finished: Thread Group 1-10
2025-02-28 23:21:44,172 INFO o.a.j.e.StandardJMeterEngine: Notifying test listeners of end of test
2025-02-28 23:21:44,173 INFO o.a.j.s.FileServer: Close: /Users/chakrapanipriyadarshi/Desktop/Jmeter-Perf-Testing/perf-testing-test-data - Sheet1.csv
2025-02-28 23:21:44,173 INFO o.a.j.g.u.JMeterMenuBar: setRunning(false, *local*)
2025-02-28 23:22:24,155 INFO o.a.j.e.StandardJMeterEngine: Running the test!
2025-02-28 23:22:24,157 INFO o.a.j.s.SampleEvent: List of sample_variables: []
2025-02-28 23:22:24,158 INFO o.a.j.g.u.JMeterMenuBar: setRunning(true, *local*)
2025-02-28 23:22:24,210 INFO o.a.j.e.StandardJMeterEngine: Starting ThreadGroup: 1 : Thread Group
2025-02-28 23:22:24,210 INFO o.a.j.e.StandardJMeterEngine: Starting 10 threads for group Thread Group.
2025-02-28 23:22:24,210 INFO o.a.j.e.StandardJMeterEngine: Thread will continue on error
2025-02-28 23:22:24,210 INFO o.a.j.t.ThreadGroup: Starting thread group... number=1 threads=10 ramp-up=100 delayedStart=false
2025-02-28 23:22:24,211 INFO o.a.j.t.JMeterThread: Thread started: Thread Group 1-1
2025-02-28 23:22:24,211 INFO o.a.j.s.FileServer: Stored: /Users/chakrapanipriyadarshi/Desktop/Jmeter-Perf-Testing/perf-testing-test-data - Sheet1.csv
2025-02-28 23:22:24,212 INFO o.a.j.t.ThreadGroup: Started thread group number 1
2025-02-28 23:22:24,212 INFO o.a.j.e.StandardJMeterEngine: All thread groups have been started
2025-02-28 23:22:25,477 INFO o.a.j.t.JMeterThread: Thread is done: Thread Group 1-1
2025-02-28 23:22:25,477 INFO o.a.j.t.JMeterThread: Thread finished: Thread Group 1-1
2025-02-28 23:22:34,215 INFO o.a.j.t.JMeterThread: Thread started: Thread Group 1-2
2025-02-28 23:22:35,540 INFO o.a.j.t.JMeterThread: Thread is done: Thread Group 1-2
2025-02-28 23:22:35,540 INFO o.a.j.t.JMeterThread: Thread finished: Thread Group 1-2
2025-02-28 23:22:44,217 INFO o.a.j.t.JMeterThread: Thread started: Thread Group 1-3
2025-02-28 23:22:45,314 INFO o.a.j.t.JMeterThread: Thread is done: Thread Group 1-3
2025-02-28 23:22:45,315 INFO o.a.j.t.JMeterThread: Thread finished: Thread Group 1-3
2025-02-28 23:22:54,219 INFO o.a.j.t.JMeterThread: Thread started: Thread Group 1-4
2025-02-28 23:22:55,453 INFO o.a.j.t.JMeterThread: Thread is done: Thread Group 1-4
2025-02-28 23:22:55,454 INFO o.a.j.t.JMeterThread: Thread finished: Thread Group 1-4
2025-02-28 23:23:04,218 INFO o.a.j.t.JMeterThread: Thread started: Thread Group 1-5
2025-02-28 23:23:05,742 INFO o.a.j.t.JMeterThread: Thread is done: Thread Group 1-5
2025-02-28 23:23:05,742 INFO o.a.j.t.JMeterThread: Thread finished: Thread Group 1-5
2025-02-28 23:23:14,214 INFO o.a.j.t.JMeterThread: Thread started: Thread Group 1-6
2025-02-28 23:23:15,740 INFO o.a.j.t.JMeterThread: Thread is done: Thread Group 1-6
2025-02-28 23:23:15,742 INFO o.a.j.t.JMeterThread: Thread finished: Thread Group 1-6
2025-02-28 23:23:24,217 INFO o.a.j.t.JMeterThread: Thread started: Thread Group 1-7
2025-02-28 23:23:25,653 INFO o.a.j.t.JMeterThread: Thread is done: Thread Group 1-7
2025-02-28 23:23:25,653 INFO o.a.j.t.JMeterThread: Thread finished: Thread Group 1-7
2025-02-28 23:23:34,216 INFO o.a.j.t.JMeterThread: Thread started: Thread Group 1-8
2025-02-28 23:23:35,417 INFO o.a.j.t.JMeterThread: Thread is done: Thread Group 1-8
2025-02-28 23:23:35,417 INFO o.a.j.t.JMeterThread: Thread finished: Thread Group 1-8
2025-02-28 23:23:44,216 INFO o.a.j.t.JMeterThread: Thread started: Thread Group 1-9
2025-02-28 23:23:45,248 INFO o.a.j.t.JMeterThread: Thread is done: Thread Group 1-9
2025-02-28 23:23:45,249 INFO o.a.j.t.JMeterThread: Thread finished: Thread Group 1-9
2025-02-28 23:23:54,214 INFO o.a.j.t.JMeterThread: Thread started: Thread Group 1-10
2025-02-28 23:23:55,213 INFO o.a.j.t.JMeterThread: Thread is done: Thread Group 1-10
2025-02-28 23:23:55,214 INFO o.a.j.t.JMeterThread: Thread finished: Thread Group 1-10
2025-02-28 23:23:55,215 INFO o.a.j.e.StandardJMeterEngine: Notifying test listeners of end of test
2025-02-28 23:23:55,215 INFO o.a.j.s.FileServer: Close: /Users/chakrapanipriyadarshi/Desktop/Jmeter-Perf-Testing/perf-testing-test-data - Sheet1.csv
2025-02-28 23:23:55,216 INFO o.a.j.g.u.JMeterMenuBar: setRunning(false, *local*)
2025-02-28 23:29:27,024 INFO o.a.j.e.StandardJMeterEngine: Running the test!
2025-02-28 23:29:27,035 INFO o.a.j.s.SampleEvent: List of sample_variables: []
2025-02-28 23:29:27,037 INFO o.a.j.g.u.JMeterMenuBar: setRunning(true, *local*)
2025-02-28 23:29:27,108 INFO o.a.j.e.StandardJMeterEngine: Starting ThreadGroup: 1 : Thread Group
2025-02-28 23:29:27,108 INFO o.a.j.e.StandardJMeterEngine: Starting 10 threads for group Thread Group.
2025-02-28 23:29:27,108 INFO o.a.j.e.StandardJMeterEngine: Thread will continue on error
2025-02-28 23:29:27,108 INFO o.a.j.t.ThreadGroup: Starting thread group... number=1 threads=10 ramp-up=1 delayedStart=false
2025-02-28 23:29:27,109 INFO o.a.j.t.JMeterThread: Thread started: Thread Group 1-1
2025-02-28 23:29:27,110 INFO o.a.j.s.FileServer: Stored: /Users/chakrapanipriyadarshi/Desktop/Jmeter-Perf-Testing/perf-testing-test-data - Sheet1.csv
2025-02-28 23:29:27,113 INFO o.a.j.t.ThreadGroup: Started thread group number 1
2025-02-28 23:29:27,113 INFO o.a.j.e.StandardJMeterEngine: All thread groups have been started
2025-02-28 23:29:27,211 INFO o.a.j.t.JMeterThread: Thread started: Thread Group 1-2
2025-02-28 23:29:27,311 INFO o.a.j.t.JMeterThread: Thread started: Thread Group 1-3
2025-02-28 23:29:27,414 INFO o.a.j.t.JMeterThread: Thread started: Thread Group 1-4
2025-02-28 23:29:27,514 INFO o.a.j.t.JMeterThread: Thread started: Thread Group 1-5
2025-02-28 23:29:27,614 INFO o.a.j.t.JMeterThread: Thread started: Thread Group 1-6
2025-02-28 23:29:27,713 INFO o.a.j.t.JMeterThread: Thread started: Thread Group 1-7
2025-02-28 23:29:27,813 INFO o.a.j.t.JMeterThread: Thread started: Thread Group 1-8
2025-02-28 23:29:27,913 INFO o.a.j.t.JMeterThread: Thread started: Thread Group 1-9
2025-02-28 23:29:28,015 INFO o.a.j.t.JMeterThread: Thread started: Thread Group 1-10
2025-02-28 23:29:28,159 INFO o.a.j.t.JMeterThread: Thread is done: Thread Group 1-1
2025-02-28 23:29:28,159 INFO o.a.j.t.JMeterThread: Thread finished: Thread Group 1-1
2025-02-28 23:29:28,272 INFO o.a.j.t.JMeterThread: Thread is done: Thread Group 1-4
2025-02-28 23:29:28,273 INFO o.a.j.t.JMeterThread: Thread finished: Thread Group 1-4
2025-02-28 23:29:28,349 INFO o.a.j.t.JMeterThread: Thread is done: Thread Group 1-2
2025-02-28 23:29:28,350 INFO o.a.j.t.JMeterThread: Thread finished: Thread Group 1-2
2025-02-28 23:29:28,357 INFO o.a.j.t.JMeterThread: Thread is done: Thread Group 1-3
2025-02-28 23:29:28,357 INFO o.a.j.t.JMeterThread: Thread finished: Thread Group 1-3
2025-02-28 23:29:28,385 INFO o.a.j.t.JMeterThread: Thread is done: Thread Group 1-5
2025-02-28 23:29:28,385 INFO o.a.j.t.JMeterThread: Thread finished: Thread Group 1-5
2025-02-28 23:29:28,624 INFO o.a.j.t.JMeterThread: Thread is done: Thread Group 1-7
2025-02-28 23:29:28,624 INFO o.a.j.t.JMeterThread: Thread finished: Thread Group 1-7
2025-02-28 23:29:28,798 INFO o.a.j.t.JMeterThread: Thread is done: Thread Group 1-6
2025-02-28 23:29:28,799 INFO o.a.j.t.JMeterThread: Thread finished: Thread Group 1-6
2025-02-28 23:29:28,897 INFO o.a.j.t.JMeterThread: Thread is done: Thread Group 1-9
2025-02-28 23:29:28,897 INFO o.a.j.t.JMeterThread: Thread finished: Thread Group 1-9
2025-02-28 23:29:28,999 INFO o.a.j.t.JMeterThread: Thread is done: Thread Group 1-10
2025-02-28 23:29:28,999 INFO o.a.j.t.JMeterThread: Thread finished: Thread Group 1-10
2025-02-28 23:29:29,106 INFO o.a.j.t.JMeterThread: Thread is done: Thread Group 1-8
2025-02-28 23:29:29,107 INFO o.a.j.t.JMeterThread: Thread finished: Thread Group 1-8
2025-02-28 23:29:29,107 INFO o.a.j.e.StandardJMeterEngine: Notifying test listeners of end of test
2025-02-28 23:29:29,107 INFO o.a.j.s.FileServer: Close: /Users/chakrapanipriyadarshi/Desktop/Jmeter-Perf-Testing/perf-testing-test-data - Sheet1.csv
2025-02-28 23:29:29,108 INFO o.a.j.g.u.JMeterMenuBar: setRunning(false, *local*)
